[INFO]-[2021/10/02 00:30:43] Cloning: 1633134643015's clone job's data is not in database, generating data
[INFO]-[2021/10/02 00:30:44] DB Copy: Creating table wpstg4_actionscheduler_actions
[INFO]-[2021/10/02 00:30:44] DB Copy: Table wp_actionscheduler_actions contains 8 rows 
[INFO]-[2021/10/02 00:30:44] DB Copy: wp_actionscheduler_actions as wpstg4_actionscheduler_actions from 0 to 10000 records
[INFO]-[2021/10/02 00:30:44] DB Copy: Creating table wpstg4_actionscheduler_claims
[INFO]-[2021/10/02 00:30:44] DB Copy: Table wp_actionscheduler_claims contains 0 rows 
[INFO]-[2021/10/02 00:30:45] DB Copy: Creating table wpstg4_actionscheduler_groups
[INFO]-[2021/10/02 00:30:45] DB Copy: Table wp_actionscheduler_groups contains 2 rows 
[INFO]-[2021/10/02 00:30:45] DB Copy: wp_actionscheduler_groups as wpstg4_actionscheduler_groups from 0 to 10000 records
[INFO]-[2021/10/02 00:30:45] DB Copy: Creating table wpstg4_actionscheduler_logs
[INFO]-[2021/10/02 00:30:45] DB Copy: Table wp_actionscheduler_logs contains 19 rows 
[INFO]-[2021/10/02 00:30:45] DB Copy: wp_actionscheduler_logs as wpstg4_actionscheduler_logs from 0 to 10000 records
[INFO]-[2021/10/02 00:30:45] DB Copy: Creating table wpstg4_cest_addon
[INFO]-[2021/10/02 00:30:45] DB Copy: Table wp_cest_addon contains 4 rows 
[INFO]-[2021/10/02 00:30:45] DB Copy: wp_cest_addon as wpstg4_cest_addon from 0 to 10000 records
[INFO]-[2021/10/02 00:30:45] DB Copy: Creating table wpstg4_cest_addon_details
[INFO]-[2021/10/02 00:30:45] DB Copy: Table wp_cest_addon_details contains 0 rows 
[INFO]-[2021/10/02 00:30:46] DB Copy: Creating table wpstg4_cest_addon_details_log
[INFO]-[2021/10/02 00:30:46] DB Copy: Table wp_cest_addon_details_log contains 0 rows 
[INFO]-[2021/10/02 00:30:46] DB Copy: Creating table wpstg4_cest_uiform_fields
[INFO]-[2021/10/02 00:30:46] DB Copy: Table wp_cest_uiform_fields contains 8 rows 
[INFO]-[2021/10/02 00:30:46] DB Copy: wp_cest_uiform_fields as wpstg4_cest_uiform_fields from 0 to 10000 records
[INFO]-[2021/10/02 00:30:46] DB Copy: Creating table wpstg4_cest_uiform_fields_type
[INFO]-[2021/10/02 00:30:46] DB Copy: Table wp_cest_uiform_fields_type contains 43 rows 
[INFO]-[2021/10/02 00:30:46] DB Copy: wp_cest_uiform_fields_type as wpstg4_cest_uiform_fields_type from 0 to 10000 records
[INFO]-[2021/10/02 00:30:47] DB Copy: Creating table wpstg4_cest_uiform_form
[INFO]-[2021/10/02 00:30:47] DB Copy: Table wp_cest_uiform_form contains 1 rows 
[INFO]-[2021/10/02 00:30:47] DB Copy: wp_cest_uiform_form as wpstg4_cest_uiform_form from 0 to 10000 records
[INFO]-[2021/10/02 00:30:47] DB Copy: Creating table wpstg4_cest_uiform_form_log
[INFO]-[2021/10/02 00:30:47] DB Copy: Table wp_cest_uiform_form_log contains 18 rows 
[INFO]-[2021/10/02 00:30:47] DB Copy: wp_cest_uiform_form_log as wpstg4_cest_uiform_form_log from 0 to 10000 records
[INFO]-[2021/10/02 00:30:47] DB Copy: Creating table wpstg4_cest_uiform_form_records
[INFO]-[2021/10/02 00:30:47] DB Copy: Table wp_cest_uiform_form_records contains 0 rows 
[INFO]-[2021/10/02 00:30:48] DB Copy: Creating table wpstg4_cest_uiform_pay_gateways
[INFO]-[2021/10/02 00:30:48] DB Copy: Table wp_cest_uiform_pay_gateways contains 2 rows 
[INFO]-[2021/10/02 00:30:48] DB Copy: wp_cest_uiform_pay_gateways as wpstg4_cest_uiform_pay_gateways from 0 to 10000 records
[INFO]-[2021/10/02 00:30:48] DB Copy: Creating table wpstg4_cest_uiform_pay_logs
[INFO]-[2021/10/02 00:30:48] DB Copy: Table wp_cest_uiform_pay_logs contains 0 rows 
[INFO]-[2021/10/02 00:30:48] DB Copy: Creating table wpstg4_cest_uiform_pay_records
[INFO]-[2021/10/02 00:30:48] DB Copy: Table wp_cest_uiform_pay_records contains 0 rows 
[INFO]-[2021/10/02 00:30:48] DB Copy: Creating table wpstg4_cest_uiform_settings
[INFO]-[2021/10/02 00:30:48] DB Copy: Table wp_cest_uiform_settings contains 1 rows 
[INFO]-[2021/10/02 00:30:48] DB Copy: wp_cest_uiform_settings as wpstg4_cest_uiform_settings from 0 to 10000 records
[INFO]-[2021/10/02 00:30:49] DB Copy: Creating table wpstg4_cest_uiform_visitor
[INFO]-[2021/10/02 00:30:49] DB Copy: Table wp_cest_uiform_visitor contains 0 rows 
[INFO]-[2021/10/02 00:30:49] DB Copy: Creating table wpstg4_cest_uiform_visitor_error
[INFO]-[2021/10/02 00:30:49] DB Copy: Table wp_cest_uiform_visitor_error contains 0 rows 
[INFO]-[2021/10/02 00:30:49] DB Copy: Creating table wpstg4_commentmeta
[INFO]-[2021/10/02 00:30:49] DB Copy: Table wp_commentmeta contains 4 rows 
[INFO]-[2021/10/02 00:30:49] DB Copy: wp_commentmeta as wpstg4_commentmeta from 0 to 10000 records
[INFO]-[2021/10/02 00:30:50] DB Copy: Creating table wpstg4_comments
[INFO]-[2021/10/02 00:30:50] DB Copy: Table wp_comments contains 3 rows 
[INFO]-[2021/10/02 00:30:50] DB Copy: wp_comments as wpstg4_comments from 0 to 10000 records
[INFO]-[2021/10/02 00:30:50] DB Copy: Creating table wpstg4_ezfc_debug
[INFO]-[2021/10/02 00:30:50] DB Copy: Table wp_ezfc_debug contains 0 rows 
[INFO]-[2021/10/02 00:30:50] DB Copy: Creating table wpstg4_ezfc_files
[INFO]-[2021/10/02 00:30:50] DB Copy: Table wp_ezfc_files contains 0 rows 
[INFO]-[2021/10/02 00:30:51] DB Copy: Creating table wpstg4_ezfc_forms
[INFO]-[2021/10/02 00:30:51] DB Copy: Table wp_ezfc_forms contains 1 rows 
[INFO]-[2021/10/02 00:30:51] DB Copy: wp_ezfc_forms as wpstg4_ezfc_forms from 0 to 10000 records
[INFO]-[2021/10/02 00:30:51] DB Copy: Creating table wpstg4_ezfc_forms_elements
[INFO]-[2021/10/02 00:30:51] DB Copy: Table wp_ezfc_forms_elements contains 2 rows 
[INFO]-[2021/10/02 00:30:51] DB Copy: wp_ezfc_forms_elements as wpstg4_ezfc_forms_elements from 0 to 10000 records
[INFO]-[2021/10/02 00:30:52] DB Copy: Creating table wpstg4_ezfc_forms_options
[INFO]-[2021/10/02 00:30:52] DB Copy: Table wp_ezfc_forms_options contains 0 rows 
[INFO]-[2021/10/02 00:30:52] DB Copy: Creating table wpstg4_ezfc_forms_views
[INFO]-[2021/10/02 00:30:52] DB Copy: Table wp_ezfc_forms_views contains 1 rows 
[INFO]-[2021/10/02 00:30:52] DB Copy: wp_ezfc_forms_views as wpstg4_ezfc_forms_views from 0 to 10000 records
[INFO]-[2021/10/02 00:30:52] DB Copy: Creating table wpstg4_ezfc_options
[INFO]-[2021/10/02 00:30:52] DB Copy: Table wp_ezfc_options contains 0 rows 
[INFO]-[2021/10/02 00:30:53] DB Copy: Creating table wpstg4_ezfc_preview
[INFO]-[2021/10/02 00:30:53] DB Copy: Table wp_ezfc_preview contains 1 rows 
[INFO]-[2021/10/02 00:30:53] DB Copy: wp_ezfc_preview as wpstg4_ezfc_preview from 0 to 10000 records
[INFO]-[2021/10/02 00:30:53] DB Copy: Creating table wpstg4_ezfc_submissions
[INFO]-[2021/10/02 00:30:53] DB Copy: Table wp_ezfc_submissions contains 0 rows 
[INFO]-[2021/10/02 00:30:53] DB Copy: Creating table wpstg4_ezfc_templates
[INFO]-[2021/10/02 00:30:53] DB Copy: Table wp_ezfc_templates contains 0 rows 
[INFO]-[2021/10/02 00:30:54] DB Copy: Creating table wpstg4_flipping_cards
[INFO]-[2021/10/02 00:30:54] DB Copy: Table wp_flipping_cards contains 7 rows 
[INFO]-[2021/10/02 00:30:54] DB Copy: wp_flipping_cards as wpstg4_flipping_cards from 0 to 10000 records
[INFO]-[2021/10/02 00:30:54] DB Copy: Creating table wpstg4_flipping_cards_images
[INFO]-[2021/10/02 00:30:54] DB Copy: Table wp_flipping_cards_images contains 7 rows 
[INFO]-[2021/10/02 00:30:54] DB Copy: wp_flipping_cards_images as wpstg4_flipping_cards_images from 0 to 10000 records
[INFO]-[2021/10/02 00:30:54] DB Copy: Creating table wpstg4_links
[INFO]-[2021/10/02 00:30:54] DB Copy: Table wp_links contains 0 rows 
[INFO]-[2021/10/02 00:30:54] DB Copy: Creating table wpstg4_mlw_qm_audit_trail
[INFO]-[2021/10/02 00:30:54] DB Copy: Table wp_mlw_qm_audit_trail contains 5 rows 
[INFO]-[2021/10/02 00:30:54] DB Copy: wp_mlw_qm_audit_trail as wpstg4_mlw_qm_audit_trail from 0 to 10000 records
[INFO]-[2021/10/02 00:30:55] DB Copy: Creating table wpstg4_mlw_question_terms
[INFO]-[2021/10/02 00:30:55] DB Copy: Table wp_mlw_question_terms contains 0 rows 
[INFO]-[2021/10/02 00:30:55] DB Copy: Creating table wpstg4_mlw_questions
[INFO]-[2021/10/02 00:30:55] DB Copy: Table wp_mlw_questions contains 9 rows 
[INFO]-[2021/10/02 00:30:55] DB Copy: wp_mlw_questions as wpstg4_mlw_questions from 0 to 10000 records
[INFO]-[2021/10/02 00:30:55] DB Copy: Creating table wpstg4_mlw_quiz_theme_settings
[INFO]-[2021/10/02 00:30:55] DB Copy: Table wp_mlw_quiz_theme_settings contains 0 rows 
[INFO]-[2021/10/02 00:30:56] DB Copy: Creating table wpstg4_mlw_quizzes
[INFO]-[2021/10/02 00:30:56] DB Copy: Table wp_mlw_quizzes contains 1 rows 
[INFO]-[2021/10/02 00:30:56] DB Copy: wp_mlw_quizzes as wpstg4_mlw_quizzes from 0 to 10000 records
[INFO]-[2021/10/02 00:30:56] DB Copy: Creating table wpstg4_mlw_results
[INFO]-[2021/10/02 00:30:56] DB Copy: Table wp_mlw_results contains 28 rows 
[INFO]-[2021/10/02 00:30:56] DB Copy: wp_mlw_results as wpstg4_mlw_results from 0 to 10000 records
[INFO]-[2021/10/02 00:30:56] DB Copy: Creating table wpstg4_mlw_themes
[INFO]-[2021/10/02 00:30:56] DB Copy: Table wp_mlw_themes contains 0 rows 
[INFO]-[2021/10/02 00:30:57] DB Copy: Creating table wpstg4_options
[INFO]-[2021/10/02 00:30:57] DB Copy: Table wp_options contains 519 rows 
[INFO]-[2021/10/02 00:30:57] DB Copy: wp_options as wpstg4_options from 0 to 10000 records
[INFO]-[2021/10/02 00:30:57] DB Copy: Creating table wpstg4_postmeta
[INFO]-[2021/10/02 00:30:57] DB Copy: Table wp_postmeta contains 8248 rows 
[INFO]-[2021/10/02 00:30:57] DB Copy: wp_postmeta as wpstg4_postmeta from 0 to 10000 records
[INFO]-[2021/10/02 00:30:58] DB Copy: Creating table wpstg4_posts
[INFO]-[2021/10/02 00:30:58] DB Copy: Table wp_posts contains 1120 rows 
[INFO]-[2021/10/02 00:30:58] DB Copy: wp_posts as wpstg4_posts from 0 to 10000 records
[INFO]-[2021/10/02 00:30:58] DB Copy: Creating table wpstg4_scc_coupons
[INFO]-[2021/10/02 00:30:58] DB Copy: Table wp_scc_coupons contains 0 rows 
[INFO]-[2021/10/02 00:30:59] DB Copy: Creating table wpstg4_scc_form_parameters
[INFO]-[2021/10/02 00:30:59] DB Copy: Table wp_scc_form_parameters contains 1 rows 
[INFO]-[2021/10/02 00:30:59] DB Copy: wp_scc_form_parameters as wpstg4_scc_form_parameters from 0 to 10000 records
[INFO]-[2021/10/02 00:30:59] DB Copy: Creating table wpstg4_scc_forms
[INFO]-[2021/10/02 00:30:59] DB Copy: Table wp_scc_forms contains 1 rows 
[INFO]-[2021/10/02 00:30:59] DB Copy: wp_scc_forms as wpstg4_scc_forms from 0 to 10000 records
[INFO]-[2021/10/02 00:30:59] DB Copy: Creating table wpstg4_scc_shortcodes
[INFO]-[2021/10/02 00:30:59] DB Copy: Table wp_scc_shortcodes contains 1 rows 
[INFO]-[2021/10/02 00:30:59] DB Copy: wp_scc_shortcodes as wpstg4_scc_shortcodes from 0 to 10000 records
[INFO]-[2021/10/02 00:31:00] DB Copy: Creating table wpstg4_term_relationships
[INFO]-[2021/10/02 00:31:00] DB Copy: Table wp_term_relationships contains 6 rows 
[INFO]-[2021/10/02 00:31:00] DB Copy: wp_term_relationships as wpstg4_term_relationships from 0 to 10000 records
[INFO]-[2021/10/02 00:31:00] DB Copy: Creating table wpstg4_term_taxonomy
[INFO]-[2021/10/02 00:31:00] DB Copy: Table wp_term_taxonomy contains 5 rows 
[INFO]-[2021/10/02 00:31:00] DB Copy: wp_term_taxonomy as wpstg4_term_taxonomy from 0 to 10000 records
[INFO]-[2021/10/02 00:31:00] DB Copy: Creating table wpstg4_termmeta
[INFO]-[2021/10/02 00:31:00] DB Copy: Table wp_termmeta contains 0 rows 
[INFO]-[2021/10/02 00:31:00] DB Copy: Creating table wpstg4_terms
[INFO]-[2021/10/02 00:31:00] DB Copy: Table wp_terms contains 5 rows 
[INFO]-[2021/10/02 00:31:00] DB Copy: wp_terms as wpstg4_terms from 0 to 10000 records
[INFO]-[2021/10/02 00:31:01] DB Copy: Creating table wpstg4_usermeta
[INFO]-[2021/10/02 00:31:01] DB Copy: Table wp_usermeta contains 26 rows 
[INFO]-[2021/10/02 00:31:01] DB Copy: wp_usermeta as wpstg4_usermeta from 0 to 10000 records
[INFO]-[2021/10/02 00:31:01] DB Copy: Creating table wpstg4_users
[INFO]-[2021/10/02 00:31:01] DB Copy: Table wp_users contains 1 rows 
[INFO]-[2021/10/02 00:31:01] DB Copy: wp_users as wpstg4_users from 0 to 10000 records
[INFO]-[2021/10/02 00:31:01] DB Copy: Creating table wpstg4_weforms_entries
[INFO]-[2021/10/02 00:31:01] DB Copy: Table wp_weforms_entries contains 1 rows 
[INFO]-[2021/10/02 00:31:01] DB Copy: wp_weforms_entries as wpstg4_weforms_entries from 0 to 10000 records
[INFO]-[2021/10/02 00:31:02] DB Copy: Creating table wpstg4_weforms_entrymeta
[INFO]-[2021/10/02 00:31:02] DB Copy: Table wp_weforms_entrymeta contains 2 rows 
[INFO]-[2021/10/02 00:31:02] DB Copy: wp_weforms_entrymeta as wpstg4_weforms_entrymeta from 0 to 10000 records
[INFO]-[2021/10/02 00:31:02] DB Copy: Creating table wpstg4_wp_phpmyadmin_extension__errors_log
[INFO]-[2021/10/02 00:31:02] DB Copy: Table wp_wp_phpmyadmin_extension__errors_log contains 0 rows 
[INFO]-[2021/10/02 00:31:02] DB Copy: Creating table wpstg4_wpfm_backup
[INFO]-[2021/10/02 00:31:02] DB Copy: Table wp_wpfm_backup contains 1 rows 
[INFO]-[2021/10/02 00:31:02] DB Copy: wp_wpfm_backup as wpstg4_wpfm_backup from 0 to 10000 records
[INFO]-[2021/10/02 00:31:03] DB Copy: Creating table wpstg4_wpforms_tasks_meta
[INFO]-[2021/10/02 00:31:03] DB Copy: Table wp_wpforms_tasks_meta contains 5 rows 
[INFO]-[2021/10/02 00:31:03] DB Copy: wp_wpforms_tasks_meta as wpstg4_wpforms_tasks_meta from 0 to 10000 records
[INFO]-[2021/10/02 00:31:03] DB Copy: Creating table wpstg4_xyz_ips_short_code
[INFO]-[2021/10/02 00:31:03] DB Copy: Table wp_xyz_ips_short_code contains 0 rows 
[INFO]-[2021/10/02 00:31:04] DB Search & Replace:  Table wpstg4_actionscheduler_actions 0 to 20000 records
[INFO]-[2021/10/02 00:31:04] DB Search & Replace:  Table wpstg4_actionscheduler_groups 0 to 20000 records
[INFO]-[2021/10/02 00:31:05] DB Search & Replace:  Table wpstg4_actionscheduler_logs 0 to 20000 records
[INFO]-[2021/10/02 00:31:05] DB Search & Replace:  Table wpstg4_cest_addon 0 to 20000 records
[INFO]-[2021/10/02 00:31:06] DB Search & Replace:  Table wpstg4_cest_uiform_fields 0 to 20000 records
[INFO]-[2021/10/02 00:31:07] DB Search & Replace:  Table wpstg4_cest_uiform_fields_type 0 to 20000 records
[INFO]-[2021/10/02 00:31:07] DB Search & Replace:  Table wpstg4_cest_uiform_form 0 to 20000 records
[INFO]-[2021/10/02 00:31:07] DB Search & Replace:  Table wpstg4_cest_uiform_form_log 0 to 20000 records
[INFO]-[2021/10/02 00:31:08] DB Search & Replace:  Table wpstg4_cest_uiform_pay_gateways 0 to 20000 records
[INFO]-[2021/10/02 00:31:09] DB Search & Replace:  Table wpstg4_cest_uiform_settings 0 to 20000 records
[INFO]-[2021/10/02 00:31:10] DB Search & Replace:  Table wpstg4_commentmeta 0 to 20000 records
[INFO]-[2021/10/02 00:31:10] DB Search & Replace:  Table wpstg4_comments 0 to 20000 records
[INFO]-[2021/10/02 00:31:11] DB Search & Replace:  Table wpstg4_ezfc_forms 0 to 20000 records
[INFO]-[2021/10/02 00:31:11] DB Search & Replace:  Table wpstg4_ezfc_forms_elements 0 to 20000 records
[INFO]-[2021/10/02 00:31:12] DB Search & Replace:  Table wpstg4_ezfc_forms_views 0 to 20000 records
[INFO]-[2021/10/02 00:31:12] DB Search & Replace:  Table wpstg4_ezfc_preview 0 to 20000 records
[INFO]-[2021/10/02 00:31:13] DB Search & Replace:  Table wpstg4_flipping_cards 0 to 20000 records
[INFO]-[2021/10/02 00:31:14] DB Search & Replace:  Table wpstg4_flipping_cards_images 0 to 20000 records
[INFO]-[2021/10/02 00:31:14] DB Search & Replace:  Table wpstg4_mlw_qm_audit_trail 0 to 20000 records
[INFO]-[2021/10/02 00:31:15] DB Search & Replace:  Table wpstg4_mlw_questions 0 to 20000 records
[INFO]-[2021/10/02 00:31:15] DB Search & Replace:  Table wpstg4_mlw_quizzes 0 to 20000 records
[INFO]-[2021/10/02 00:31:16] DB Search & Replace:  Table wpstg4_mlw_results 0 to 20000 records
[INFO]-[2021/10/02 00:31:17] DB Search & Replace:  Table wpstg4_options 0 to 20000 records
[INFO]-[2021/10/02 00:31:17] DB Search & Replace:  Table wpstg4_postmeta 0 to 20000 records
[INFO]-[2021/10/02 00:31:20] DB Search & Replace:  Table wpstg4_posts 0 to 20000 records
[INFO]-[2021/10/02 00:31:22] DB Search & Replace:  Table wpstg4_scc_form_parameters 0 to 20000 records
[INFO]-[2021/10/02 00:31:22] DB Search & Replace:  Table wpstg4_scc_forms 0 to 20000 records
[INFO]-[2021/10/02 00:31:22] DB Search & Replace:  Table wpstg4_scc_shortcodes 0 to 20000 records
[INFO]-[2021/10/02 00:31:23] DB Search & Replace:  Table wpstg4_term_relationships 0 to 20000 records
[INFO]-[2021/10/02 00:31:23] DB Search & Replace:  Table wpstg4_term_taxonomy 0 to 20000 records
[INFO]-[2021/10/02 00:31:24] DB Search & Replace:  Table wpstg4_terms 0 to 20000 records
[INFO]-[2021/10/02 00:31:24] DB Search & Replace:  Table wpstg4_usermeta 0 to 20000 records
[INFO]-[2021/10/02 00:31:24] DB Search & Replace:  Table wpstg4_users 0 to 20000 records
[INFO]-[2021/10/02 00:31:25] DB Search & Replace:  Table wpstg4_weforms_entries 0 to 20000 records
[INFO]-[2021/10/02 00:31:25] DB Search & Replace:  Table wpstg4_weforms_entrymeta 0 to 20000 records
[INFO]-[2021/10/02 00:31:25] DB Search & Replace:  Table wpstg4_wpfm_backup 0 to 20000 records
[INFO]-[2021/10/02 00:31:26] DB Search & Replace:  Table wpstg4_wpforms_tasks_meta 0 to 20000 records
[INFO]-[2021/10/02 00:31:27] Scanning / for its files
[INFO]-[2021/10/02 00:31:27] Scanning wp-content/plugins and its sub-directories and files
[INFO]-[2021/10/02 00:31:30] Scanning wp-content/mu-plugins and its sub-directories and files
[INFO]-[2021/10/02 00:31:31] Scanning wp-content/themes and its sub-directories and files
[INFO]-[2021/10/02 00:31:31] Scanning wp-content/uploads/ and its sub-directories and files
[INFO]-[2021/10/02 00:31:31] Scanning wp-content for other directories
[INFO]-[2021/10/02 00:31:32] Scanning wp-includes for its sub-directories and files
[INFO]-[2021/10/02 00:31:32] Scanning wp-admin for its sub-directories and files
[INFO]-[2021/10/02 00:31:33] Copying files...
[INFO]-[2021/10/02 00:31:33] Total 50 files processed
[INFO]-[2021/10/02 00:31:33] Total 100 files processed
[INFO]-[2021/10/02 00:31:34] Total 150 files processed
[INFO]-[2021/10/02 00:31:34] Total 200 files processed
[INFO]-[2021/10/02 00:31:34] Total 250 files processed
[INFO]-[2021/10/02 00:31:34] Total 300 files processed
[INFO]-[2021/10/02 00:31:35] Total 350 files processed
[INFO]-[2021/10/02 00:31:35] Total 400 files processed
[INFO]-[2021/10/02 00:31:35] Total 450 files processed
[INFO]-[2021/10/02 00:31:36] Total 500 files processed
[INFO]-[2021/10/02 00:31:36] Total 550 files processed
[INFO]-[2021/10/02 00:31:36] Total 600 files processed
[INFO]-[2021/10/02 00:31:37] Total 650 files processed
[INFO]-[2021/10/02 00:31:37] Total 700 files processed
[INFO]-[2021/10/02 00:31:37] Total 750 files processed
[INFO]-[2021/10/02 00:31:38] Total 800 files processed
[INFO]-[2021/10/02 00:31:38] Total 850 files processed
[INFO]-[2021/10/02 00:31:38] Total 900 files processed
[INFO]-[2021/10/02 00:31:39] Total 950 files processed
[INFO]-[2021/10/02 00:31:39] Total 1000 files processed
[INFO]-[2021/10/02 00:31:39] Total 1050 files processed
[INFO]-[2021/10/02 00:31:40] Total 1100 files processed
[INFO]-[2021/10/02 00:31:40] Total 1150 files processed
[INFO]-[2021/10/02 00:31:40] Total 1200 files processed
[INFO]-[2021/10/02 00:31:40] Total 1250 files processed
[INFO]-[2021/10/02 00:31:41] Total 1300 files processed
[INFO]-[2021/10/02 00:31:41] Total 1350 files processed
[INFO]-[2021/10/02 00:31:41] Total 1400 files processed
[INFO]-[2021/10/02 00:31:42] Total 1450 files processed
[INFO]-[2021/10/02 00:31:42] Total 1500 files processed
[INFO]-[2021/10/02 00:31:42] Total 1550 files processed
[INFO]-[2021/10/02 00:31:43] Total 1600 files processed
[INFO]-[2021/10/02 00:31:43] Total 1650 files processed
[INFO]-[2021/10/02 00:31:43] Total 1700 files processed
[INFO]-[2021/10/02 00:31:44] Total 1750 files processed
[INFO]-[2021/10/02 00:31:44] Total 1800 files processed
[INFO]-[2021/10/02 00:31:44] Total 1850 files processed
[INFO]-[2021/10/02 00:31:44] Total 1900 files processed
[INFO]-[2021/10/02 00:31:45] Total 1950 files processed
[INFO]-[2021/10/02 00:31:45] Total 2000 files processed
[INFO]-[2021/10/02 00:31:45] Total 2050 files processed
[INFO]-[2021/10/02 00:31:46] Total 2100 files processed
[INFO]-[2021/10/02 00:31:46] Total 2150 files processed
[INFO]-[2021/10/02 00:31:46] Total 2200 files processed
[INFO]-[2021/10/02 00:31:47] Total 2250 files processed
[INFO]-[2021/10/02 00:31:47] Total 2300 files processed
[INFO]-[2021/10/02 00:31:47] Total 2350 files processed
[INFO]-[2021/10/02 00:31:48] Total 2400 files processed
[INFO]-[2021/10/02 00:31:48] Total 2450 files processed
[INFO]-[2021/10/02 00:31:48] Total 2500 files processed
[INFO]-[2021/10/02 00:31:48] Total 2550 files processed
[INFO]-[2021/10/02 00:31:49] Total 2600 files processed
[INFO]-[2021/10/02 00:31:49] Total 2650 files processed
[INFO]-[2021/10/02 00:31:49] Total 2700 files processed
[INFO]-[2021/10/02 00:31:50] Total 2750 files processed
[INFO]-[2021/10/02 00:31:50] Total 2800 files processed
[INFO]-[2021/10/02 00:31:50] Total 2850 files processed
[INFO]-[2021/10/02 00:31:51] Total 2900 files processed
[INFO]-[2021/10/02 00:31:51] Total 2950 files processed
[INFO]-[2021/10/02 00:31:51] Total 3000 files processed
[INFO]-[2021/10/02 00:31:52] Total 3050 files processed
[INFO]-[2021/10/02 00:31:52] Total 3100 files processed
[INFO]-[2021/10/02 00:31:52] Total 3150 files processed
[INFO]-[2021/10/02 00:31:53] Total 3200 files processed
[INFO]-[2021/10/02 00:31:53] Total 3250 files processed
[INFO]-[2021/10/02 00:31:53] Total 3300 files processed
[INFO]-[2021/10/02 00:31:54] Total 3350 files processed
[INFO]-[2021/10/02 00:31:54] Total 3400 files processed
[INFO]-[2021/10/02 00:31:54] Total 3450 files processed
[INFO]-[2021/10/02 00:31:55] Total 3500 files processed
[INFO]-[2021/10/02 00:31:55] Total 3550 files processed
[INFO]-[2021/10/02 00:31:56] Total 3600 files processed
[INFO]-[2021/10/02 00:31:56] Total 3650 files processed
[INFO]-[2021/10/02 00:31:56] Total 3700 files processed
[INFO]-[2021/10/02 00:31:57] Total 3750 files processed
[INFO]-[2021/10/02 00:31:57] Total 3800 files processed
[INFO]-[2021/10/02 00:31:57] Total 3850 files processed
[INFO]-[2021/10/02 00:31:57] Total 3900 files processed
[INFO]-[2021/10/02 00:31:58] Total 3950 files processed
[INFO]-[2021/10/02 00:31:58] Total 4000 files processed
[INFO]-[2021/10/02 00:31:58] Total 4050 files processed
[INFO]-[2021/10/02 00:31:59] Total 4100 files processed
[INFO]-[2021/10/02 00:31:59] Total 4150 files processed
[INFO]-[2021/10/02 00:31:59] Total 4200 files processed
[INFO]-[2021/10/02 00:32:00] Total 4250 files processed
[INFO]-[2021/10/02 00:32:00] Total 4300 files processed
[INFO]-[2021/10/02 00:32:00] Total 4350 files processed
[INFO]-[2021/10/02 00:32:00] Total 4400 files processed
[INFO]-[2021/10/02 00:32:01] Total 4450 files processed
[INFO]-[2021/10/02 00:32:01] Total 4500 files processed
[INFO]-[2021/10/02 00:32:01] Total 4550 files processed
[INFO]-[2021/10/02 00:32:02] Total 4600 files processed
[INFO]-[2021/10/02 00:32:02] Total 4650 files processed
[INFO]-[2021/10/02 00:32:02] Total 4700 files processed
[INFO]-[2021/10/02 00:32:03] Total 4750 files processed
[INFO]-[2021/10/02 00:32:03] Total 4800 files processed
[INFO]-[2021/10/02 00:32:03] Total 4850 files processed
[INFO]-[2021/10/02 00:32:04] Total 4900 files processed
[INFO]-[2021/10/02 00:32:04] Total 4950 files processed
[INFO]-[2021/10/02 00:32:04] Total 5000 files processed
[INFO]-[2021/10/02 00:32:05] Total 5050 files processed
[INFO]-[2021/10/02 00:32:05] Total 5100 files processed
[INFO]-[2021/10/02 00:32:05] Total 5150 files processed
[INFO]-[2021/10/02 00:32:05] Total 5200 files processed
[INFO]-[2021/10/02 00:32:06] Total 5250 files processed
[INFO]-[2021/10/02 00:32:06] Total 5300 files processed
[INFO]-[2021/10/02 00:32:06] Total 5350 files processed
[INFO]-[2021/10/02 00:32:07] Total 5400 files processed
[INFO]-[2021/10/02 00:32:07] Total 5450 files processed
[INFO]-[2021/10/02 00:32:07] Total 5500 files processed
[INFO]-[2021/10/02 00:32:08] Total 5550 files processed
[INFO]-[2021/10/02 00:32:08] Total 5600 files processed
[INFO]-[2021/10/02 00:32:08] Total 5650 files processed
[INFO]-[2021/10/02 00:32:09] Total 5700 files processed
[INFO]-[2021/10/02 00:32:09] Total 5750 files processed
[INFO]-[2021/10/02 00:32:09] Total 5800 files processed
[INFO]-[2021/10/02 00:32:09] Total 5850 files processed
[INFO]-[2021/10/02 00:32:10] Total 5900 files processed
[INFO]-[2021/10/02 00:32:10] Total 5950 files processed
[INFO]-[2021/10/02 00:32:10] Total 6000 files processed
[INFO]-[2021/10/02 00:32:11] Total 6050 files processed
[INFO]-[2021/10/02 00:32:11] Total 6100 files processed
[INFO]-[2021/10/02 00:32:11] Total 6150 files processed
[INFO]-[2021/10/02 00:32:12] Total 6200 files processed
[INFO]-[2021/10/02 00:32:12] Total 6250 files processed
[INFO]-[2021/10/02 00:32:12] Total 6300 files processed
[INFO]-[2021/10/02 00:32:13] Total 6350 files processed
[INFO]-[2021/10/02 00:32:13] Total 6400 files processed
[INFO]-[2021/10/02 00:32:13] Total 6450 files processed
[INFO]-[2021/10/02 00:32:13] Total 6500 files processed
[INFO]-[2021/10/02 00:32:14] Total 6550 files processed
[INFO]-[2021/10/02 00:32:14] Total 6600 files processed
[INFO]-[2021/10/02 00:32:14] Total 6650 files processed
[INFO]-[2021/10/02 00:32:15] Total 6700 files processed
[INFO]-[2021/10/02 00:32:15] Total 6750 files processed
[INFO]-[2021/10/02 00:32:15] Total 6800 files processed
[INFO]-[2021/10/02 00:32:15] Total 6850 files processed
[INFO]-[2021/10/02 00:32:16] Total 6900 files processed
[INFO]-[2021/10/02 00:32:16] Total 6950 files processed
[INFO]-[2021/10/02 00:32:16] Total 7000 files processed
[INFO]-[2021/10/02 00:32:17] Total 7050 files processed
[INFO]-[2021/10/02 00:32:17] Total 7100 files processed
[INFO]-[2021/10/02 00:32:17] Total 7150 files processed
[INFO]-[2021/10/02 00:32:18] Total 7200 files processed
[INFO]-[2021/10/02 00:32:18] Total 7250 files processed
[INFO]-[2021/10/02 00:32:18] Total 7300 files processed
[INFO]-[2021/10/02 00:32:19] Total 7350 files processed
[INFO]-[2021/10/02 00:32:19] Total 7400 files processed
[INFO]-[2021/10/02 00:32:19] Total 7450 files processed
[INFO]-[2021/10/02 00:32:20] Total 7500 files processed
[INFO]-[2021/10/02 00:32:20] Total 7550 files processed
[INFO]-[2021/10/02 00:32:20] Total 7600 files processed
[INFO]-[2021/10/02 00:32:21] Total 7650 files processed
[INFO]-[2021/10/02 00:32:21] Total 7700 files processed
[INFO]-[2021/10/02 00:32:21] Total 7750 files processed
[INFO]-[2021/10/02 00:32:22] Total 7800 files processed
[INFO]-[2021/10/02 00:32:22] Total 7850 files processed
[INFO]-[2021/10/02 00:32:22] Total 7900 files processed
[INFO]-[2021/10/02 00:32:22] Total 7950 files processed
[INFO]-[2021/10/02 00:32:23] Total 8000 files processed
[INFO]-[2021/10/02 00:32:23] Total 8050 files processed
[INFO]-[2021/10/02 00:32:23] Total 8100 files processed
[INFO]-[2021/10/02 00:32:24] Total 8150 files processed
[INFO]-[2021/10/02 00:32:24] Total 8200 files processed
[INFO]-[2021/10/02 00:32:24] Total 8250 files processed
[INFO]-[2021/10/02 00:32:25] Total 8300 files processed
[INFO]-[2021/10/02 00:32:25] Total 8350 files processed
[INFO]-[2021/10/02 00:32:25] Total 8400 files processed
[INFO]-[2021/10/02 00:32:26] Total 8450 files processed
[INFO]-[2021/10/02 00:32:26] Total 8500 files processed
[INFO]-[2021/10/02 00:32:27] Total 8550 files processed
[INFO]-[2021/10/02 00:32:27] Total 8600 files processed
[INFO]-[2021/10/02 00:32:27] Total 8650 files processed
[INFO]-[2021/10/02 00:32:28] Total 8700 files processed
[INFO]-[2021/10/02 00:32:28] Total 8750 files processed
[INFO]-[2021/10/02 00:32:28] Total 8800 files processed
[INFO]-[2021/10/02 00:32:28] Total 8850 files processed
[INFO]-[2021/10/02 00:32:29] Total 8900 files processed
[INFO]-[2021/10/02 00:32:29] Total 8950 files processed
[INFO]-[2021/10/02 00:32:29] Total 9000 files processed
[INFO]-[2021/10/02 00:32:30] Total 9050 files processed
[INFO]-[2021/10/02 00:32:30] Total 9100 files processed
[INFO]-[2021/10/02 00:32:30] Total 9150 files processed
[INFO]-[2021/10/02 00:32:31] Total 9200 files processed
[INFO]-[2021/10/02 00:32:31] Total 9250 files processed
[INFO]-[2021/10/02 00:32:31] Total 9300 files processed
[INFO]-[2021/10/02 00:32:32] Total 9350 files processed
[INFO]-[2021/10/02 00:32:32] Total 9400 files processed
[INFO]-[2021/10/02 00:32:32] Total 9450 files processed
[INFO]-[2021/10/02 00:32:32] Total 9500 files processed
[INFO]-[2021/10/02 00:32:33] Total 9550 files processed
[INFO]-[2021/10/02 00:32:33] Total 9600 files processed
[INFO]-[2021/10/02 00:32:33] Total 9650 files processed
[INFO]-[2021/10/02 00:32:34] Total 9700 files processed
[INFO]-[2021/10/02 00:32:34] Total 9750 files processed
[INFO]-[2021/10/02 00:32:34] Total 9800 files processed
[INFO]-[2021/10/02 00:32:35] Total 9850 files processed
[INFO]-[2021/10/02 00:32:35] Total 9900 files processed
[INFO]-[2021/10/02 00:32:35] Total 9950 files processed
[INFO]-[2021/10/02 00:32:36] Total 10000 files processed
[INFO]-[2021/10/02 00:32:36] Total 10050 files processed
[INFO]-[2021/10/02 00:32:36] Total 10100 files processed
[INFO]-[2021/10/02 00:32:36] Total 10150 files processed
[INFO]-[2021/10/02 00:32:37] Total 10200 files processed
[INFO]-[2021/10/02 00:32:37] Total 10250 files processed
[INFO]-[2021/10/02 00:32:37] Total 10300 files processed
[INFO]-[2021/10/02 00:32:38] Total 10350 files processed
[INFO]-[2021/10/02 00:32:38] Total 10400 files processed
[INFO]-[2021/10/02 00:32:38] Total 10450 files processed
[INFO]-[2021/10/02 00:32:39] Total 10500 files processed
[INFO]-[2021/10/02 00:32:39] Total 10550 files processed
[INFO]-[2021/10/02 00:32:39] Total 10600 files processed
[INFO]-[2021/10/02 00:32:40] Total 10650 files processed
[INFO]-[2021/10/02 00:32:40] Total 10700 files processed
[INFO]-[2021/10/02 00:32:40] Total 10750 files processed
[INFO]-[2021/10/02 00:32:41] Total 10800 files processed
[INFO]-[2021/10/02 00:32:41] Total 10850 files processed
[INFO]-[2021/10/02 00:32:41] Total 10900 files processed
[INFO]-[2021/10/02 00:32:41] Total 10950 files processed
[INFO]-[2021/10/02 00:32:42] Total 11000 files processed
[INFO]-[2021/10/02 00:32:42] Total 11050 files processed
[INFO]-[2021/10/02 00:32:43] Total 11100 files processed
[INFO]-[2021/10/02 00:32:43] Total 11150 files processed
[INFO]-[2021/10/02 00:32:43] Total 11200 files processed
[INFO]-[2021/10/02 00:32:43] Total 11250 files processed
[INFO]-[2021/10/02 00:32:44] Total 11300 files processed
[INFO]-[2021/10/02 00:32:44] Total 11350 files processed
[INFO]-[2021/10/02 00:32:44] Total 11400 files processed
[INFO]-[2021/10/02 00:32:45] Total 11450 files processed
[INFO]-[2021/10/02 00:32:45] Total 11500 files processed
[INFO]-[2021/10/02 00:32:45] Total 11550 files processed
[INFO]-[2021/10/02 00:32:46] Total 11600 files processed
[INFO]-[2021/10/02 00:32:46] Total 11650 files processed
[INFO]-[2021/10/02 00:32:46] Total 11700 files processed
[INFO]-[2021/10/02 00:32:47] Total 11750 files processed
[INFO]-[2021/10/02 00:32:47] Total 11800 files processed
[INFO]-[2021/10/02 00:32:47] Total 11850 files processed
[INFO]-[2021/10/02 00:32:47] Total 11900 files processed
[INFO]-[2021/10/02 00:32:48] Total 11950 files processed
[INFO]-[2021/10/02 00:32:48] Total 12000 files processed
[INFO]-[2021/10/02 00:32:48] Total 12050 files processed
[INFO]-[2021/10/02 00:32:49] Total 12100 files processed
[INFO]-[2021/10/02 00:32:49] Total 12150 files processed
[INFO]-[2021/10/02 00:32:49] Total 12200 files processed
[INFO]-[2021/10/02 00:32:50] Total 12250 files processed
[INFO]-[2021/10/02 00:32:50] Total 12300 files processed
[INFO]-[2021/10/02 00:32:50] Total 12350 files processed
[INFO]-[2021/10/02 00:32:51] Total 12400 files processed
[INFO]-[2021/10/02 00:32:51] Total 12450 files processed
[INFO]-[2021/10/02 00:32:51] Total 12500 files processed
[INFO]-[2021/10/02 00:32:52] Total 12550 files processed
[INFO]-[2021/10/02 00:32:52] Total 12600 files processed
[INFO]-[2021/10/02 00:32:52] Total 12650 files processed
[INFO]-[2021/10/02 00:32:53] Total 12700 files processed
[INFO]-[2021/10/02 00:32:53] Total 12750 files processed
[INFO]-[2021/10/02 00:32:53] Total 12800 files processed
[INFO]-[2021/10/02 00:32:53] Total 12850 files processed
[INFO]-[2021/10/02 00:32:54] Total 12900 files processed
[INFO]-[2021/10/02 00:32:54] Total 12950 files processed
[INFO]-[2021/10/02 00:32:54] Total 13000 files processed
[INFO]-[2021/10/02 00:32:55] Total 13050 files processed
[INFO]-[2021/10/02 00:32:55] Total 13100 files processed
[INFO]-[2021/10/02 00:32:55] Total 13150 files processed
[INFO]-[2021/10/02 00:32:56] Total 13200 files processed
[INFO]-[2021/10/02 00:32:56] Total 13250 files processed
[INFO]-[2021/10/02 00:32:56] Total 13300 files processed
[INFO]-[2021/10/02 00:32:57] Total 13350 files processed
[INFO]-[2021/10/02 00:32:57] Total 13400 files processed
[INFO]-[2021/10/02 00:32:57] Total 13450 files processed
[INFO]-[2021/10/02 00:32:58] Total 13500 files processed
[INFO]-[2021/10/02 00:32:58] Total 13550 files processed
[INFO]-[2021/10/02 00:32:59] Total 13600 files processed
[INFO]-[2021/10/02 00:32:59] Total 13650 files processed
[INFO]-[2021/10/02 00:32:59] Total 13700 files processed
[INFO]-[2021/10/02 00:33:00] Total 13750 files processed
[INFO]-[2021/10/02 00:33:00] Total 13800 files processed
[INFO]-[2021/10/02 00:33:00] Total 13850 files processed
[INFO]-[2021/10/02 00:33:01] Total 13900 files processed
[INFO]-[2021/10/02 00:33:01] Total 13950 files processed
[INFO]-[2021/10/02 00:33:01] Total 14000 files processed
[INFO]-[2021/10/02 00:33:02] Total 14050 files processed
[INFO]-[2021/10/02 00:33:02] Total 14100 files processed
[INFO]-[2021/10/02 00:33:02] Total 14150 files processed
[INFO]-[2021/10/02 00:33:02] Total 14200 files processed
[INFO]-[2021/10/02 00:33:03] Total 14250 files processed
[INFO]-[2021/10/02 00:33:03] Total 14300 files processed
[INFO]-[2021/10/02 00:33:04] Total 14350 files processed
[INFO]-[2021/10/02 00:33:04] Total 14400 files processed
[INFO]-[2021/10/02 00:33:04] Total 14450 files processed
[INFO]-[2021/10/02 00:33:04] Total 14500 files processed
[INFO]-[2021/10/02 00:33:05] Total 14550 files processed
[INFO]-[2021/10/02 00:33:05] Total 14600 files processed
[INFO]-[2021/10/02 00:33:06] Total 14650 files processed
[INFO]-[2021/10/02 00:33:06] Total 14700 files processed
[INFO]-[2021/10/02 00:33:06] Total 14750 files processed
[INFO]-[2021/10/02 00:33:06] Total 14800 files processed
[INFO]-[2021/10/02 00:33:07] Total 14850 files processed
[INFO]-[2021/10/02 00:33:07] Total 14900 files processed
[INFO]-[2021/10/02 00:33:07] Total 14950 files processed
[INFO]-[2021/10/02 00:33:08] Total 15000 files processed
[INFO]-[2021/10/02 00:33:08] Total 15050 files processed
[INFO]-[2021/10/02 00:33:08] Total 15100 files processed
[INFO]-[2021/10/02 00:33:09] Total 15150 files processed
[INFO]-[2021/10/02 00:33:09] Total 15200 files processed
[INFO]-[2021/10/02 00:33:09] Total 15250 files processed
[INFO]-[2021/10/02 00:33:10] Total 15300 files processed
[INFO]-[2021/10/02 00:33:10] Total 15350 files processed
[INFO]-[2021/10/02 00:33:10] Total 15400 files processed
[INFO]-[2021/10/02 00:33:10] Total 15450 files processed
[INFO]-[2021/10/02 00:33:11] Total 15500 files processed
[INFO]-[2021/10/02 00:33:11] Total 15550 files processed
[INFO]-[2021/10/02 00:33:11] Total 15600 files processed
[INFO]-[2021/10/02 00:33:12] Total 15650 files processed
[INFO]-[2021/10/02 00:33:12] Total 15700 files processed
[INFO]-[2021/10/02 00:33:12] Total 15750 files processed
[INFO]-[2021/10/02 00:33:13] Total 15800 files processed
[INFO]-[2021/10/02 00:33:13] Total 15850 files processed
[INFO]-[2021/10/02 00:33:13] Total 15900 files processed
[INFO]-[2021/10/02 00:33:14] Total 15950 files processed
[INFO]-[2021/10/02 00:33:14] Total 16000 files processed
[INFO]-[2021/10/02 00:33:14] Total 16050 files processed
[INFO]-[2021/10/02 00:33:15] Total 16100 files processed
[INFO]-[2021/10/02 00:33:15] Total 16150 files processed
[INFO]-[2021/10/02 00:33:15] Total 16200 files processed
[INFO]-[2021/10/02 00:33:15] Total 16250 files processed
[INFO]-[2021/10/02 00:33:16] Total 16300 files processed
[INFO]-[2021/10/02 00:33:16] Total 16350 files processed
[INFO]-[2021/10/02 00:33:16] Skipping big file: /opt/bitnami/wordpress/wp-content/plugins/zigaform-calculator-cost-estimation-form-builder-lite/modules/formbuilder/views/forms/fieldoptions_data.php
[INFO]-[2021/10/02 00:33:16] Total 16400 files processed
[INFO]-[2021/10/02 00:33:17] Total 16450 files processed
[INFO]-[2021/10/02 00:33:17] Total 16500 files processed
[INFO]-[2021/10/02 00:33:17] Total 16550 files processed
[INFO]-[2021/10/02 00:33:18] Total 16600 files processed
[INFO]-[2021/10/02 00:33:18] Total 16650 files processed
[INFO]-[2021/10/02 00:33:18] Total 16700 files processed
[INFO]-[2021/10/02 00:33:19] Total 16750 files processed
[INFO]-[2021/10/02 00:33:19] Total 16800 files processed
[INFO]-[2021/10/02 00:33:19] Total 16850 files processed
[INFO]-[2021/10/02 00:33:20] Total 16900 files processed
[INFO]-[2021/10/02 00:33:20] Total 16950 files processed
[INFO]-[2021/10/02 00:33:21] Total 17000 files processed
[INFO]-[2021/10/02 00:33:21] Total 17050 files processed
[INFO]-[2021/10/02 00:33:21] Total 17100 files processed
[INFO]-[2021/10/02 00:33:22] Total 17150 files processed
[INFO]-[2021/10/02 00:33:22] Total 17200 files processed
[INFO]-[2021/10/02 00:33:22] Total 17250 files processed
[INFO]-[2021/10/02 00:33:23] Total 17300 files processed
[INFO]-[2021/10/02 00:33:23] Total 17350 files processed
[INFO]-[2021/10/02 00:33:23] Total 17400 files processed
[INFO]-[2021/10/02 00:33:24] Total 17450 files processed
[INFO]-[2021/10/02 00:33:24] Total 17500 files processed
[INFO]-[2021/10/02 00:33:24] Total 17550 files processed
[INFO]-[2021/10/02 00:33:24] Total 17600 files processed
[INFO]-[2021/10/02 00:33:25] Total 17650 files processed
[INFO]-[2021/10/02 00:33:25] Total 17700 files processed
[INFO]-[2021/10/02 00:33:25] Total 17750 files processed
[INFO]-[2021/10/02 00:33:26] Total 17800 files processed
[INFO]-[2021/10/02 00:33:26] Total 17850 files processed
[INFO]-[2021/10/02 00:33:26] Total 17900 files processed
[INFO]-[2021/10/02 00:33:27] Total 17950 files processed
[INFO]-[2021/10/02 00:33:27] Total 18000 files processed
[INFO]-[2021/10/02 00:33:27] Total 18050 files processed
[INFO]-[2021/10/02 00:33:28] Total 18100 files processed
[INFO]-[2021/10/02 00:33:28] Total 18150 files processed
[INFO]-[2021/10/02 00:33:28] Total 18200 files processed
[INFO]-[2021/10/02 00:33:29] Total 18250 files processed
[INFO]-[2021/10/02 00:33:29] Total 18300 files processed
[INFO]-[2021/10/02 00:33:29] Total 18350 files processed
[INFO]-[2021/10/02 00:33:29] Total 18400 files processed
[INFO]-[2021/10/02 00:33:30] Total 18450 files processed
[INFO]-[2021/10/02 00:33:30] Total 18500 files processed
[INFO]-[2021/10/02 00:33:31] Total 18550 files processed
[INFO]-[2021/10/02 00:33:31] Total 18600 files processed
[INFO]-[2021/10/02 00:33:32] Total 18650 files processed
[INFO]-[2021/10/02 00:33:32] Total 18700 files processed
[INFO]-[2021/10/02 00:33:32] Total 18750 files processed
[INFO]-[2021/10/02 00:33:33] Total 18800 files processed
[INFO]-[2021/10/02 00:33:33] Total 18850 files processed
[INFO]-[2021/10/02 00:33:33] Total 18900 files processed
[INFO]-[2021/10/02 00:33:34] Total 18950 files processed
[INFO]-[2021/10/02 00:33:34] Total 19000 files processed
[INFO]-[2021/10/02 00:33:34] Total 19050 files processed
[INFO]-[2021/10/02 00:33:35] Total 19100 files processed
[INFO]-[2021/10/02 00:33:35] Total 19150 files processed
[INFO]-[2021/10/02 00:33:35] Total 19200 files processed
[INFO]-[2021/10/02 00:33:35] Total 19250 files processed
[INFO]-[2021/10/02 00:33:36] Total 19300 files processed
[INFO]-[2021/10/02 00:33:36] Total 19350 files processed
[INFO]-[2021/10/02 00:33:36] Total 19400 files processed
[INFO]-[2021/10/02 00:33:37] Total 19450 files processed
[INFO]-[2021/10/02 00:33:37] Total 19500 files processed
[INFO]-[2021/10/02 00:33:37] Total 19550 files processed
[INFO]-[2021/10/02 00:33:38] Total 19600 files processed
[INFO]-[2021/10/02 00:33:38] Total 19650 files processed
[INFO]-[2021/10/02 00:33:38] Total 19700 files processed
[INFO]-[2021/10/02 00:33:39] Total 19750 files processed
[INFO]-[2021/10/02 00:33:39] Total 19800 files processed
[INFO]-[2021/10/02 00:33:39] Total 19850 files processed
[INFO]-[2021/10/02 00:33:40] Total 19900 files processed
[INFO]-[2021/10/02 00:33:40] Total 19950 files processed
[INFO]-[2021/10/02 00:33:40] Total 20000 files processed
[INFO]-[2021/10/02 00:33:40] Total 20050 files processed
[INFO]-[2021/10/02 00:33:41] Total 20100 files processed
[INFO]-[2021/10/02 00:33:41] Total 20150 files processed
[INFO]-[2021/10/02 00:33:41] Total 20200 files processed
[INFO]-[2021/10/02 00:33:42] Total 20250 files processed
[INFO]-[2021/10/02 00:33:42] Total 20300 files processed
[INFO]-[2021/10/02 00:33:42] Total 20350 files processed
[INFO]-[2021/10/02 00:33:43] Total 20400 files processed
[INFO]-[2021/10/02 00:33:43] Total 20450 files processed
[INFO]-[2021/10/02 00:33:43] Total 20500 files processed
[INFO]-[2021/10/02 00:33:44] Total 20550 files processed
[INFO]-[2021/10/02 00:33:44] Total 20600 files processed
[INFO]-[2021/10/02 00:33:44] Total 20650 files processed
[INFO]-[2021/10/02 00:33:45] Total 20700 files processed
[INFO]-[2021/10/02 00:33:45] Total 20750 files processed
[INFO]-[2021/10/02 00:33:45] Total 20800 files processed
[INFO]-[2021/10/02 00:33:45] Total 20850 files processed
[INFO]-[2021/10/02 00:33:46] Total 20900 files processed
[INFO]-[2021/10/02 00:33:46] Total 20950 files processed
[INFO]-[2021/10/02 00:33:46] Total 21000 files processed
[INFO]-[2021/10/02 00:33:47] Total 21050 files processed
[INFO]-[2021/10/02 00:33:48] Total 21100 files processed
[INFO]-[2021/10/02 00:33:48] Total 21150 files processed
[INFO]-[2021/10/02 00:33:48] Total 21200 files processed
[INFO]-[2021/10/02 00:33:49] Total 21250 files processed
[INFO]-[2021/10/02 00:33:49] Total 21300 files processed
[INFO]-[2021/10/02 00:33:49] Total 21350 files processed
[INFO]-[2021/10/02 00:33:50] Skipping big file: /opt/bitnami/wordpress/wp-content/plugins/wp-mapbox-gl-js/admin/wp-mapmaker/build/static/js/main.31f3ba31.js.map
[INFO]-[2021/10/02 00:33:50] Total 21400 files processed
[INFO]-[2021/10/02 00:33:50] Total 21450 files processed
[INFO]-[2021/10/02 00:33:50] Total 21500 files processed
[INFO]-[2021/10/02 00:33:50] Total 21550 files processed
[INFO]-[2021/10/02 00:33:51] Total 21600 files processed
[INFO]-[2021/10/02 00:33:51] Total 21650 files processed
[INFO]-[2021/10/02 00:33:51] Total 21700 files processed
[INFO]-[2021/10/02 00:33:52] Total 21750 files processed
[INFO]-[2021/10/02 00:33:52] Total 21800 files processed
[INFO]-[2021/10/02 00:33:52] Total 21850 files processed
[INFO]-[2021/10/02 00:33:52] Total 21900 files processed
[INFO]-[2021/10/02 00:33:53] Total 21950 files processed
[INFO]-[2021/10/02 00:33:53] Total 22000 files processed
[INFO]-[2021/10/02 00:33:53] Total 22050 files processed
[INFO]-[2021/10/02 00:33:54] Total 22100 files processed
[INFO]-[2021/10/02 00:33:54] Total 22150 files processed
[INFO]-[2021/10/02 00:33:54] Total 22200 files processed
[INFO]-[2021/10/02 00:33:55] Total 22250 files processed
[INFO]-[2021/10/02 00:33:55] Total 22300 files processed
[INFO]-[2021/10/02 00:33:55] Total 22350 files processed
[INFO]-[2021/10/02 00:33:56] Total 22400 files processed
[INFO]-[2021/10/02 00:33:56] Total 22450 files processed
[INFO]-[2021/10/02 00:33:56] Total 22500 files processed
[INFO]-[2021/10/02 00:33:56] Total 22550 files processed
[INFO]-[2021/10/02 00:33:57] Total 22600 files processed
[INFO]-[2021/10/02 00:33:57] Total 22650 files processed
[INFO]-[2021/10/02 00:33:57] Total 22700 files processed
[INFO]-[2021/10/02 00:33:58] Total 22750 files processed
[INFO]-[2021/10/02 00:33:58] Total 22800 files processed
[INFO]-[2021/10/02 00:33:58] Total 22850 files processed
[INFO]-[2021/10/02 00:33:59] Total 22900 files processed
[INFO]-[2021/10/02 00:33:59] Total 22950 files processed
[INFO]-[2021/10/02 00:33:59] Total 23000 files processed
[INFO]-[2021/10/02 00:34:00] Total 23050 files processed
[INFO]-[2021/10/02 00:34:00] Total 23100 files processed
[INFO]-[2021/10/02 00:34:00] Total 23150 files processed
[INFO]-[2021/10/02 00:34:01] Total 23200 files processed
[INFO]-[2021/10/02 00:34:01] Total 23250 files processed
[INFO]-[2021/10/02 00:34:01] Total 23300 files processed
[INFO]-[2021/10/02 00:34:02] Total 23350 files processed
[INFO]-[2021/10/02 00:34:02] Total 23400 files processed
[INFO]-[2021/10/02 00:34:02] Total 23450 files processed
[INFO]-[2021/10/02 00:34:03] Total 23500 files processed
[INFO]-[2021/10/02 00:34:03] Total 23550 files processed
[INFO]-[2021/10/02 00:34:03] Total 23600 files processed
[INFO]-[2021/10/02 00:34:04] Total 23650 files processed
[INFO]-[2021/10/02 00:34:05] Total 23700 files processed
[INFO]-[2021/10/02 00:34:05] Total 23750 files processed
[INFO]-[2021/10/02 00:34:06] Total 23800 files processed
[INFO]-[2021/10/02 00:34:06] Total 23850 files processed
[INFO]-[2021/10/02 00:34:06] Total 23900 files processed
[INFO]-[2021/10/02 00:34:06] Total 23950 files processed
[INFO]-[2021/10/02 00:34:07] Total 24000 files processed
[INFO]-[2021/10/02 00:34:07] Total 24050 files processed
[INFO]-[2021/10/02 00:34:07] Total 24100 files processed
[INFO]-[2021/10/02 00:34:08] Total 24150 files processed
[INFO]-[2021/10/02 00:34:08] Total 24200 files processed
[INFO]-[2021/10/02 00:34:08] Total 24250 files processed
[INFO]-[2021/10/02 00:34:09] Total 24300 files processed
[INFO]-[2021/10/02 00:34:09] Total 24350 files processed
[INFO]-[2021/10/02 00:34:09] Total 24400 files processed
[INFO]-[2021/10/02 00:34:10] Total 24450 files processed
[INFO]-[2021/10/02 00:34:10] Total 24500 files processed
[INFO]-[2021/10/02 00:34:10] Total 24550 files processed
[INFO]-[2021/10/02 00:34:10] Total 24600 files processed
[INFO]-[2021/10/02 00:34:11] Total 24650 files processed
[INFO]-[2021/10/02 00:34:11] Total 24700 files processed
[INFO]-[2021/10/02 00:34:11] Total 24750 files processed
[INFO]-[2021/10/02 00:34:12] Total 24800 files processed
[INFO]-[2021/10/02 00:34:12] Total 24850 files processed
[INFO]-[2021/10/02 00:34:12] Total 24900 files processed
[INFO]-[2021/10/02 00:34:13] Total 24950 files processed
[INFO]-[2021/10/02 00:34:13] Total 25000 files processed
[INFO]-[2021/10/02 00:34:13] Total 25050 files processed
[INFO]-[2021/10/02 00:34:14] Total 25100 files processed
[INFO]-[2021/10/02 00:34:14] Total 25150 files processed
[INFO]-[2021/10/02 00:34:14] Total 25200 files processed
[INFO]-[2021/10/02 00:34:15] Total 25250 files processed
[INFO]-[2021/10/02 00:34:15] Total 25300 files processed
[INFO]-[2021/10/02 00:34:15] Total 25350 files processed
[INFO]-[2021/10/02 00:34:15] Total 25400 files processed
[INFO]-[2021/10/02 00:34:16] Total 25450 files processed
[INFO]-[2021/10/02 00:34:16] Total 25500 files processed
[INFO]-[2021/10/02 00:34:16] Total 25550 files processed
[INFO]-[2021/10/02 00:34:17] Total 25600 files processed
[INFO]-[2021/10/02 00:34:17] Total 25650 files processed
[INFO]-[2021/10/02 00:34:17] Total 25700 files processed
[INFO]-[2021/10/02 00:34:18] Total 25750 files processed
[INFO]-[2021/10/02 00:34:18] Total 25800 files processed
[INFO]-[2021/10/02 00:34:18] Total 25850 files processed
[INFO]-[2021/10/02 00:34:19] Total 25900 files processed
[INFO]-[2021/10/02 00:34:19] Total 25950 files processed
[INFO]-[2021/10/02 00:34:20] Total 26000 files processed
[INFO]-[2021/10/02 00:34:20] Total 26050 files processed
[INFO]-[2021/10/02 00:34:20] Total 26100 files processed
[INFO]-[2021/10/02 00:34:21] Total 26150 files processed
[INFO]-[2021/10/02 00:34:21] Skipping big file: /opt/bitnami/wordpress/wp-content/uploads/wp-file-manager-pro/fm_backup/backup_2021_08_26_14_15_00-1189-plugins.zip
[INFO]-[2021/10/02 00:34:21] Skipping big file: /opt/bitnami/wordpress/wp-content/uploads/wp-file-manager-pro/fm_backup/backup_2021_08_26_14_15_00-1189-themes.zip
[INFO]-[2021/10/02 00:34:21] Total 26200 files processed
[INFO]-[2021/10/02 00:34:21] Skipping big file: /opt/bitnami/wordpress/wp-content/uploads/wp-file-manager-pro/fm_backup/backup_2021_08_26_14_15_00-1189-uploads.zip
[INFO]-[2021/10/02 00:34:21] Total 26250 files processed
[INFO]-[2021/10/02 00:34:22] Total 26300 files processed
[INFO]-[2021/10/02 00:34:22] Total 26350 files processed
[INFO]-[2021/10/02 00:34:22] Total 26400 files processed
[INFO]-[2021/10/02 00:34:23] Total 26450 files processed
[INFO]-[2021/10/02 00:34:23] Total 26500 files processed
[INFO]-[2021/10/02 00:34:23] Total 26550 files processed
[INFO]-[2021/10/02 00:34:23] Total 26600 files processed
[INFO]-[2021/10/02 00:34:24] Total 26650 files processed
[INFO]-[2021/10/02 00:34:24] Total 26700 files processed
[INFO]-[2021/10/02 00:34:24] Total 26750 files processed
[INFO]-[2021/10/02 00:34:25] Total 26800 files processed
[INFO]-[2021/10/02 00:34:25] Total 26850 files processed
[INFO]-[2021/10/02 00:34:25] Total 26900 files processed
[INFO]-[2021/10/02 00:34:26] Total 26950 files processed
[INFO]-[2021/10/02 00:34:26] Total 27000 files processed
[INFO]-[2021/10/02 00:34:26] Total 27050 files processed
[INFO]-[2021/10/02 00:34:27] Total 27100 files processed
[INFO]-[2021/10/02 00:34:27] Total 27150 files processed
[INFO]-[2021/10/02 00:34:27] Total 27200 files processed
[INFO]-[2021/10/02 00:34:27] Total 27250 files processed
[INFO]-[2021/10/02 00:34:28] Total 27300 files processed
[INFO]-[2021/10/02 00:34:28] Total 27350 files processed
[INFO]-[2021/10/02 00:34:28] Total 27400 files processed
[INFO]-[2021/10/02 00:34:29] Total 27450 files processed
[INFO]-[2021/10/02 00:34:29] Total 27500 files processed
[INFO]-[2021/10/02 00:34:29] Total 27550 files processed
[INFO]-[2021/10/02 00:34:30] Total 27600 files processed
[INFO]-[2021/10/02 00:34:30] Total 27650 files processed
[INFO]-[2021/10/02 00:34:30] Total 27700 files processed
[INFO]-[2021/10/02 00:34:31] Total 27750 files processed
[INFO]-[2021/10/02 00:34:31] Total 27800 files processed
[INFO]-[2021/10/02 00:34:31] Total 27850 files processed
[INFO]-[2021/10/02 00:34:32] Total 27900 files processed
[INFO]-[2021/10/02 00:34:32] Total 27950 files processed
[INFO]-[2021/10/02 00:34:32] Total 28000 files processed
[INFO]-[2021/10/02 00:34:33] Total 28050 files processed
[INFO]-[2021/10/02 00:34:33] Total 28100 files processed
[INFO]-[2021/10/02 00:34:33] Total 28150 files processed
[INFO]-[2021/10/02 00:34:33] Total 28200 files processed
[INFO]-[2021/10/02 00:34:34] Total 28250 files processed
[INFO]-[2021/10/02 00:34:34] Total 28300 files processed
[INFO]-[2021/10/02 00:34:35] Total 28350 files processed
[INFO]-[2021/10/02 00:34:35] Total 28400 files processed
[INFO]-[2021/10/02 00:34:35] Total 28450 files processed
[WARNING]-[2021/10/02 00:34:36] File doesn't exist /opt/bitnami/wordpress/
[INFO]-[2021/10/02 00:34:36] Skipped symlinking Wp Uploads Folder
[INFO]-[2021/10/02 00:34:36] Copying files finished
[INFO]-[2021/10/02 00:34:36] DB Data Step0: Copy wp-config.php file
[INFO]-[2021/10/02 00:34:36] DB Data Step0: Can not find /opt/bitnami/wordpress/test_plan/wp-config.php
[INFO]-[2021/10/02 00:34:36] DB Data Step0: Can not find /opt/bitnami/wp-config.php
[INFO]-[2021/10/02 00:34:36] DB Data Step0: Copy default wp-config.php file from source /bitnami/wordpress/wp-content/plugins/wp-staging/Backend/helpers/wp-config.php to /opt/bitnami/wordpress/test_plan/wp-config.php
[INFO]-[2021/10/02 00:34:36] DB Data Step1: Updating siteurl and homeurl in wpstg4_options to https://quitsmoking.click/test_plan
[INFO]-[2021/10/02 00:34:37] DB Data Step2: Updating wpstg4_options 
[INFO]-[2021/10/02 00:34:38] DB Data Step3: Updating db prefix in wpstg4_usermeta.
[INFO]-[2021/10/02 00:34:38] DB Data Step4: Updating table_prefix in /opt/bitnami/wordpress/test_plan/wp-config.php to wpstg4_
[INFO]-[2021/10/02 00:34:39] DB Data Step5: WP installation is not in a subdirectory! Skipping this step
[INFO]-[2021/10/02 00:34:39] DB Data Step6: Updating db prefix in wpstg4_options.
[INFO]-[2021/10/02 00:34:39] DB Data Step7: Updating constants in wp-config.php
[INFO]-[2021/10/02 00:34:39] DB Data Step7: Added:UPLOADS
[INFO]-[2021/10/02 00:34:39] DB Data Step7: Added:WP_PLUGIN_DIR
[INFO]-[2021/10/02 00:34:39] DB Data Step7: Added:WP_LANG_DIR
[INFO]-[2021/10/02 00:34:39] DB Data Step7: Added:WP_HOME
[INFO]-[2021/10/02 00:34:39] DB Data Step7: Added:WP_SITEURL
[INFO]-[2021/10/02 00:34:39] DB Data Step7: Added:WP_CACHE
[INFO]-[2021/10/02 00:34:39] DB Data Step7: Added:WP_ENVIRONMENT_TYPE
[INFO]-[2021/10/02 00:34:39] DB Data Step7: Skipping: WP_ALLOW_MULTISITE not defined in wp-config.php.
[INFO]-[2021/10/02 00:34:39] DB Data Step7: Skipping: MULTISITE not defined in wp-config.php.
[INFO]-[2021/10/02 00:34:40] Finish: Deleting clone job's cache files...
[INFO]-[2021/10/02 00:34:40] Finish: Clone job's cache files have been deleted!
[INFO]-[2021/10/02 00:34:40] Finish: Verifying existing clones...
[INFO]-[2021/10/02 00:34:40] Finish: The job finished!
